<?xml version="1.0" encoding="UTF-8"?>
<testsuite name="com.phonebook.tests.RemoveContactTests" tests="1" skipped="0" failures="0" errors="0" timestamp="2024-01-19T20:51:23" hostname="DESKTOP-IDPAKS2" time="11.602">
  <properties/>
  <testcase name="removeContactPositiveTest" classname="com.phonebook.tests.RemoveContactTests" time="11.602"/>
  <system-out><![CDATA[]]></system-out>
  <system-err><![CDATA[]]></system-err>
</testsuite>
